d:\_vitalik\c++\c++_course_work\c++_course_work\x64\debug\vc143.pdb
d:\_vitalik\c++\c++_course_work\c++_course_work\x64\debug\vc143.idb
d:\_vitalik\c++\c++_course_work\c++_course_work\x64\debug\user.obj
d:\_vitalik\c++\c++_course_work\c++_course_work\x64\debug\treenode.obj
d:\_vitalik\c++\c++_course_work\c++_course_work\x64\debug\sha256.obj
d:\_vitalik\c++\c++_course_work\c++_course_work\x64\debug\order.obj
d:\_vitalik\c++\c++_course_work\c++_course_work\x64\debug\main.obj
d:\_vitalik\c++\c++_course_work\c++_course_work\x64\debug\loginscreen.obj
d:\_vitalik\c++\c++_course_work\c++_course_work\x64\debug\functions.obj
d:\_vitalik\c++\c++_course_work\c++_course_work\x64\debug\binary_tree.obj
d:\_vitalik\c++\c++_course_work\c++_course_work\x64\debug\binary tree.obj
d:\_vitalik\c++\c++_course_work\c++_course_work\x64\debug\binary tree user.obj
d:\_vitalik\c++\c++_course_work\c++_course_work\x64\debug\binary tree order.obj
d:\_vitalik\c++\c++_course_work\x64\debug\c++_course_work.pdb
d:\_vitalik\c++\c++_course_work\c++_course_work\x64\debug\c++_course_work.tlog\cl.command.1.tlog
d:\_vitalik\c++\c++_course_work\c++_course_work\x64\debug\c++_course_work.tlog\cl.read.1.tlog
d:\_vitalik\c++\c++_course_work\c++_course_work\x64\debug\c++_course_work.tlog\cl.write.1.tlog
d:\_vitalik\c++\c++_course_work\c++_course_work\x64\debug\c++_course_work.tlog\link-cvtres.read.1.tlog
d:\_vitalik\c++\c++_course_work\c++_course_work\x64\debug\c++_course_work.tlog\link-cvtres.write.1.tlog
d:\_vitalik\c++\c++_course_work\c++_course_work\x64\debug\c++_course_work.tlog\link-rc.read.1.tlog
d:\_vitalik\c++\c++_course_work\c++_course_work\x64\debug\c++_course_work.tlog\link-rc.write.1.tlog
d:\_vitalik\c++\c++_course_work\c++_course_work\x64\debug\c++_course_work.tlog\link.command.1.tlog
d:\_vitalik\c++\c++_course_work\c++_course_work\x64\debug\c++_course_work.tlog\link.read.1.tlog
d:\_vitalik\c++\c++_course_work\c++_course_work\x64\debug\c++_course_work.tlog\link.read.2.tlog
d:\_vitalik\c++\c++_course_work\c++_course_work\x64\debug\c++_course_work.tlog\link.write.1.tlog
